<html>
<body>
<pre>
<h1>µVision Build Log</h1>
<h2>Tool Versions:</h2>
IDE-Version: µVision V5.29.0.0
Copyright (C) 2019 ARM Ltd and ARM Germany GmbH. All rights reserved.
License Information: Baptiste Lerat, INSA Toulouse, LIC=----
 
Tool Versions:
Toolchain:       MDK-Lite  Version: 5.29.0.0
Toolchain Path:  C:\Keil_v5\ARM\ARMCC\Bin
C Compiler:      Armcc.exe V5.06 update 6 (build 750)
Assembler:       Armasm.exe V5.06 update 6 (build 750)
Linker/Locator:  ArmLink.exe V5.06 update 6 (build 750)
Library Manager: ArmAr.exe V5.06 update 6 (build 750)
Hex Converter:   FromElf.exe V5.06 update 6 (build 750)
CPU DLL:         SARMCM3.DLL V5.29.0.0
Dialog DLL:      DARMSTM.DLL V1.68.0.0
Target DLL:      STLink\ST-LINKIII-KEIL_SWO.dll V3.0.7.0
Dialog DLL:      TARMSTM.DLL V1.66.0.0
 
<h2>Project:</h2>
C:\Users\Utilisateur\Documents\GitHub\Projet_Voilier\MDK-ARM\Project.uvprojx
Project File Date:  11/11/2020

<h2>Output:</h2>
*** Using Compiler 'V5.06 update 6 (build 750)', folder: 'C:\Keil_v5\ARM\ARMCC\Bin'
Rebuild target 'Simulateur'
compiling girouette.c...
compiling bordage.c...
..\Services\bordage.c(13): warning:  #1-D: last line of file ends without a newline
  #include "roulis.c"
..\Services\bordage.c: 1 warning, 0 errors
compiling affichage.c...
..\Services\affichage.c(9): warning:  #1-D: last line of file ends without a newline
  //    Fichier de programmation de l'affichage des informations
..\Services\affichage.c: 1 warning, 0 errors
compiling voiles.c...
compiling roulis.c...
compiling main.c...
../Src/main.c(23): error:  #5: cannot open source input file "Chrono.h": No such file or directory
  #include "Chrono.h"
../Src/main.c: 0 warnings, 1 error
compiling orientation.c...
..\Services\orientation.h(9): warning:  #1-D: last line of file ends without a newline
  #endif
..\MyDrivers\cap.h(14): warning:  #1-D: last line of file ends without a newline
  #endif
..\MyDrivers\cap.c(21): warning:  #223-D: function "LL_APB2_GRP1_EnableClock" declared implicitly
  	LL_APB2_GRP1_EnableClock(LL_APB2_GRP1_PERIPH_TIM1);
..\MyDrivers\cap.c(21): error:  #20: identifier "LL_APB2_GRP1_PERIPH_TIM1" is undefined
  	LL_APB2_GRP1_EnableClock(LL_APB2_GRP1_PERIPH_TIM1);
..\MyDrivers\cap.c(24): error:  #20: identifier "Arr" is undefined
  	My_LL_Tim_Init_Struct.Autoreload=Arr;
..\MyDrivers\cap.c(25): error:  #20: identifier "Psc" is undefined
  	My_LL_Tim_Init_Struct.Prescaler=Psc;
..\MyDrivers\cap.c(40): warning:  #940-D: missing return statement at end of non-void function "cap_init" 
  }
..\MyDrivers\cap.c(47): warning:  #1-D: last line of file ends without a newline
  }
..\MyDrivers\cap.c(47): warning:  #940-D: missing return statement at end of non-void function "cap_sendpwm" 
  }
..\Services\orientation.c(13): warning:  #1-D: last line of file ends without a newline
  #include "telecommande_RF.c"
..\MyDrivers\telecommande_RF.h(6): warning:  #1295-D: Deprecated declaration telecommandeRF_init - give arg types
  int telecommandeRF_init();
..\MyDrivers\telecommande_RF.h(7): warning:  #1295-D: Deprecated declaration telecommandeRF_getpwm - give arg types
  int telecommandeRF_getpwm();
..\MyDrivers\telecommande_RF.h(12): warning:  #1-D: last line of file ends without a newline
  #endif
..\MyDrivers\telecommande_RF.c(17): warning:  #940-D: missing return statement at end of non-void function "telecommandeRF_init" 
  }
..\MyDrivers\telecommande_RF.c(23): warning:  #940-D: missing return statement at end of non-void function "telecommandeRF_getpwm" 
  }
..\Services\orientation.c: 12 warnings, 3 errors
compiling stm32f1xx_ll_rcc.c...
compiling cap.c...
..\MyDrivers\cap.h(14): warning:  #1-D: last line of file ends without a newline
  #endif
..\MyDrivers\cap.c(21): warning:  #223-D: function "LL_APB2_GRP1_EnableClock" declared implicitly
  	LL_APB2_GRP1_EnableClock(LL_APB2_GRP1_PERIPH_TIM1);
..\MyDrivers\cap.c(21): error:  #20: identifier "LL_APB2_GRP1_PERIPH_TIM1" is undefined
  	LL_APB2_GRP1_EnableClock(LL_APB2_GRP1_PERIPH_TIM1);
..\MyDrivers\cap.c(24): error:  #20: identifier "Arr" is undefined
  	My_LL_Tim_Init_Struct.Autoreload=Arr;
..\MyDrivers\cap.c(25): error:  #20: identifier "Psc" is undefined
  	My_LL_Tim_Init_Struct.Prescaler=Psc;
..\MyDrivers\cap.c(40): warning:  #940-D: missing return statement at end of non-void function "cap_init" 
  }
..\MyDrivers\cap.c(47): warning:  #1-D: last line of file ends without a newline
  }
..\MyDrivers\cap.c(47): warning:  #940-D: missing return statement at end of non-void function "cap_sendpwm" 
  }
..\MyDrivers\cap.c: 5 warnings, 3 errors
compiling telecommande_RF.c...
..\MyDrivers\telecommande_RF.h(6): warning:  #1295-D: Deprecated declaration telecommandeRF_init - give arg types
  int telecommandeRF_init();
..\MyDrivers\telecommande_RF.h(7): warning:  #1295-D: Deprecated declaration telecommandeRF_getpwm - give arg types
  int telecommandeRF_getpwm();
..\MyDrivers\telecommande_RF.h(12): warning:  #1-D: last line of file ends without a newline
  #endif
..\MyDrivers\telecommande_RF.c(17): warning:  #940-D: missing return statement at end of non-void function "telecommandeRF_init" 
  }
..\MyDrivers\telecommande_RF.c(23): warning:  #940-D: missing return statement at end of non-void function "telecommandeRF_getpwm" 
  }
..\MyDrivers\telecommande_RF.c: 5 warnings, 0 errors
compiling system_stm32f1xx.c...
assembling startup_stm32f103xb.s...
compiling stm32f1xx_ll_utils.c...
compiling stm32f1xx_ll_gpio.c...
compiling stm32f1xx_ll_usart.c...
compiling stm32f1xx_ll_tim.c...
"NUCLEO-F103RB\NUCLEO-F103RB.axf" - 7 Error(s), 24 Warning(s).

<h2>Software Packages used:</h2>

Package Vendor: ARM
                http://www.keil.com/pack/ARM.CMSIS.5.6.0.pack
                ARM.CMSIS.5.6.0
                CMSIS (Cortex Microcontroller Software Interface Standard)
   * Component: CORE Version: 5.3.0

Package Vendor: Keil
                http://www.keil.com/pack/Keil.STM32F1xx_DFP.2.3.0.pack
                Keil.STM32F1xx_DFP.2.3.0
                STMicroelectronics STM32F1 Series Device Support, Drivers and Examples

<h2>Collection of Component include folders:</h2>
  .\RTE\_Simulateur
  C:\Users\Utilisateur\AppData\Local\Arm\Packs\ARM\CMSIS\5.6.0\CMSIS\Core\Include
  C:\Users\Utilisateur\AppData\Local\Arm\Packs\Keil\STM32F1xx_DFP\2.3.0\Device\Include

<h2>Collection of Component Files used:</h2>

   * Component: ARM::CMSIS:CORE:5.3.0
Target not created.
Build Time Elapsed:  00:00:03
</pre>
</body>
</html>
